<?xml version="1.0" encoding="UTF-8"?>
<testsuite name="PrimeCalculatorTest" tests="5" skipped="0" failures="0" errors="0" timestamp="2023-10-11T00:26:57" hostname="SHREYASKARSPC" time="0.055">
  <properties/>
  <testcase name="testUndefinedPrime" classname="PrimeCalculatorTest" time="0.046"/>
  <testcase name="testSixthPrime" classname="PrimeCalculatorTest" time="0.004"/>
  <testcase name="testFirstPrime" classname="PrimeCalculatorTest" time="0.002"/>
  <testcase name="testSecondPrime" classname="PrimeCalculatorTest" time="0.001"/>
  <testcase name="testBigPrime" classname="PrimeCalculatorTest" time="0.001"/>
  <system-out><![CDATA[]]></system-out>
  <system-err><![CDATA[]]></system-err>
</testsuite>
